Plugins:
Bundled analyzers:
  - Python Code Quality and Security 4.7.0.12181 (python)
  - Clean as You Code 2.1.0.500 (cayc)
  - Go Code Quality and Security 1.14.0.4481 (go)
  - JaCoCo 1.3.0.1538 (jacoco)
  - Kotlin Code Quality and Security 2.17.0.2902 (kotlin)
  - IaC Code Quality and Security 1.20.0.5654 (iac)
  - JavaScript/TypeScript/CSS Code Quality and Security 10.5.1.22382 (javascript)
  - Ruby Code Quality and Security 1.14.0.4481 (ruby)
  - Scala Code Quality and Security 1.14.0.4481 (sonarscala)
  - C# Code Quality and Security 9.8.0.76515 (csharp)
  - Java Code Quality and Security 7.24.0.32100 (java)
  - HTML Code Quality and Security 3.9.0.3600 (web)
  - Flex Code Quality and Security 2.10.0.3458 (flex)
  - XML Code Quality and Security 2.10.0.4108 (xml)
  - PHP Code Quality and Security 3.32.0.10180 (php)
  - Text Code Quality and Security 2.3.0.1632 (text)
  - VB.NET Code Quality and Security 9.8.0.76515 (vbnet)
  - Configuration detection for Code Quality and Security 1.3.0.654 (config)
Global server settings:
  - sonar.core.id=147B411E-AYvIoOO8jphaURDTivrq
  - sonar.core.startTime=2023-11-14T08:27:33+0000
  - sonar.forceAuthentication=true
Project server settings:
Project scanner properties:
  - sonar.binaries=C:\Users\rauldan.haiduc\IdeaProjects\FormacionBosonit\block1-process-file-and-streams\target\classes
  - sonar.groovy.binaries=C:\Users\rauldan.haiduc\IdeaProjects\FormacionBosonit\block1-process-file-and-streams\target\classes
  - sonar.host.url=http://localhost:9000
  - sonar.java.binaries=C:\Users\rauldan.haiduc\IdeaProjects\FormacionBosonit\block1-process-file-and-streams\target\classes
  - sonar.java.enablePreview=false
  - sonar.java.jdkHome=C:\Users\rauldan.haiduc\.jdks\openjdk-20.0.2
  - sonar.java.source=20
  - sonar.java.target=20
  - sonar.java.test.binaries=C:\Users\rauldan.haiduc\IdeaProjects\FormacionBosonit\block1-process-file-and-streams\target\test-classes
  - sonar.java.test.libraries=C:\Users\rauldan.haiduc\IdeaProjects\FormacionBosonit\block1-process-file-and-streams\target\classes
  - sonar.links.ci=
  - sonar.links.homepage=
  - sonar.links.issue=
  - sonar.links.scm=
  - sonar.links.scm_dev=
  - sonar.moduleKey=Bloque13:org.example:block1-process-file-and-streams
  - sonar.projectBaseDir=C:\Users\rauldan.haiduc\IdeaProjects\FormacionBosonit\block1-process-file-and-streams
  - sonar.projectBuildDir=C:\Users\rauldan.haiduc\IdeaProjects\FormacionBosonit\block1-process-file-and-streams\target
  - sonar.projectKey=Bloque13
  - sonar.projectName='Bloque13'
  - sonar.projectVersion=1.0-SNAPSHOT
  - sonar.scanner.app=ScannerMaven
  - sonar.scanner.appVersion=3.10.0.2594/3.9.2
  - sonar.sourceEncoding=UTF-8
  - sonar.sources=C:\Users\rauldan.haiduc\IdeaProjects\FormacionBosonit\block1-process-file-and-streams\pom.xml,C:\Users\rauldan.haiduc\IdeaProjects\FormacionBosonit\block1-process-file-and-streams\src\main\java
  - sonar.tests=C:\Users\rauldan.haiduc\IdeaProjects\FormacionBosonit\block1-process-file-and-streams\src\test\java
  - sonar.token=******
  - sonar.working.directory=C:\Users\rauldan.haiduc\IdeaProjects\FormacionBosonit\block1-process-file-and-streams\target\sonar
